<?xml version="1.0" encoding="UTF-8"?>
<!-- Generated by org.testng.reporters.JUnitReportReporter -->
<testsuite hostname="AGV" failures="0" tests="1" name="P1.Demo1" time="5.380" errors="0" timestamp="16 Aug 2021 14:38:59 GMT" skipped="0">
  <testcase classname="P1.Demo1" name="test" time="5.380"/>
</testsuite> <!-- P1.Demo1 -->
